The system is: Windows - 10.0.19042 - AMD64
Compiling the C compiler identification source file "CMakeCCompilerId.c" succeeded.
Compiler: C:/Program Files (x86)/Microsoft Visual Studio/2019/BuildTools/VC/Tools/MSVC/14.28.29910/bin/Hostx86/x86/cl.exe 
Build flags: 
Id flags:  

The output was:
0
Microsoft (R) C/C++-Optimierungscompiler Version 19.28.29914 für x86
Copyright (C) Microsoft Corporation. Alle Rechte vorbehalten.

CMakeCCompilerId.c
Microsoft (R) Incremental Linker Version 14.28.29914.0
Copyright (C) Microsoft Corporation.  All rights reserved.

/out:CMakeCCompilerId.exe 
CMakeCCompilerId.obj 


Compilation of the C compiler identification source "CMakeCCompilerId.c" produced "CMakeCCompilerId.exe"

Compilation of the C compiler identification source "CMakeCCompilerId.c" produced "CMakeCCompilerId.obj"

The C compiler identification is MSVC, found in "C:/Users/Lauralicious/Dropbox/WS21/HWSE/Minesweeper/cmake-build-debug/CMakeFiles/3.20.2/CompilerIdC/CMakeCCompilerId.exe"

Determining if the C compiler works passed with the following output:
Change Dir: C:/Users/Lauralicious/Dropbox/WS21/HWSE/Minesweeper/cmake-build-debug/CMakeFiles/CMakeTmp

Run Build Command(s):nmake -f Makefile /nologo cmTC_04b91\fast && 	"C:\Program Files (x86)\Microsoft Visual Studio\2019\BuildTools\VC\Tools\MSVC\14.28.29910\bin\HostX86\x86\nmake.exe"  -f CMakeFiles\cmTC_04b91.dir\build.make /nologo -L                  CMakeFiles\cmTC_04b91.dir\build
Building C object CMakeFiles/cmTC_04b91.dir/testCCompiler.c.obj
	C:\Users\Lauralicious\AppData\Local\JetBrains\Toolbox\apps\CLion\ch-0\212.5080.54\bin\cmake\win\bin\cmake.exe -E cmake_cl_compile_depends --dep-file=CMakeFiles\cmTC_04b91.dir\testCCompiler.c.obj.d --working-dir=C:\Users\Lauralicious\Dropbox\WS21\HWSE\Minesweeper\cmake-build-debug\CMakeFiles\CMakeTmp --filter-prefix="" -- C:\PROGRA~2\MICROS~2\2019\BUILDT~1\VC\Tools\MSVC\1428~1.299\bin\Hostx86\x86\cl.exe @C:\Users\LAURAL~1\AppData\Local\Temp\nmB71A.tmp
Linking C executable cmTC_04b91.exe
	C:\Users\Lauralicious\AppData\Local\JetBrains\Toolbox\apps\CLion\ch-0\212.5080.54\bin\cmake\win\bin\cmake.exe -E vs_link_exe --intdir=CMakeFiles\cmTC_04b91.dir --rc=C:\PROGRA~2\WINDOW~4\10\bin\100190~1.0\x86\rc.exe --mt=C:\PROGRA~2\WINDOW~4\10\bin\100190~1.0\x86\mt.exe --manifests -- C:\PROGRA~2\MICROS~2\2019\BUILDT~1\VC\Tools\MSVC\1428~1.299\bin\Hostx86\x86\link.exe /nologo @CMakeFiles\cmTC_04b91.dir\objects1.rsp @C:\Users\LAURAL~1\AppData\Local\Temp\nmB769.tmp



